\BOOKMARK [0][-]{chapter.1}{\376\377\000C\000o\000m\000p\000l\000e\000x\000\040\000N\000u\000m\000b\000e\000r\000s}{}% 1
\BOOKMARK [1][-]{section.1.1}{\376\377\133\232\116\111\116\345\123\312\217\320\173\227}{chapter.1}% 2
\BOOKMARK [1][-]{section.1.2}{\376\377\131\015\145\160\166\204\121\340\117\125\210\150\171\072}{chapter.1}% 3
\BOOKMARK [1][-]{section.1.3}{\376\377\131\015\145\160\145\160\122\027}{chapter.1}% 4
\BOOKMARK [1][-]{section.1.4}{\376\377\153\047\142\311\121\154\137\017\116\345\123\312\131\015\145\160\166\204\143\007\145\160\121\375\145\160\137\142\137\017}{chapter.1}% 5
\BOOKMARK [0][-]{chapter.2}{\376\377\000C\000o\000m\000p\000l\000e\000x\000\040\000S\000e\000r\000i\000e\000s}{}% 6
\BOOKMARK [1][-]{section.2.1}{\376\377\176\247\145\160\145\066\145\133\140\047\122\044\122\053\154\325}{chapter.2}% 7
\BOOKMARK [1][-]{section.2.2}{\376\377\131\015\145\160\136\217\122\027\166\204\116\000\201\364\145\066\145\133}{chapter.2}% 8
\BOOKMARK [1][-]{section.2.3}{\376\377\136\102\176\247\145\160}{chapter.2}% 9
\BOOKMARK [1][-]{section.2.4}{\376\377\136\102\176\247\145\160\226\077\215\035\134\024\133\232\164\006\145\066\145\133\123\112\137\204\166\204\213\241\173\227}{chapter.2}% 10
\BOOKMARK [0][-]{chapter.3}{\376\377\000C\000o\000m\000p\000l\000e\000x\000\040\000F\000u\000n\000c\000t\000i\000o\000n\000s}{}% 11
\BOOKMARK [1][-]{section.3.1}{\376\377\131\015\123\330\121\375\145\160\166\204\151\202\137\365}{chapter.3}% 12
\BOOKMARK [1][-]{section.3.2}{\376\377\123\125\120\074\140\047\116\016\236\316\146\374\227\142}{chapter.3}% 13
\BOOKMARK [1][-]{section.3.3}{\376\377\133\374\145\160\123\312\211\343\147\220\121\375\145\160\166\204\133\232\116\111}{chapter.3}% 14
\BOOKMARK [1][-]{section.3.4}{\376\377\147\357\211\177\000-\236\316\146\374\147\141\116\366}{chapter.3}% 15
\BOOKMARK [1][-]{section.3.5}{\376\377\211\343\147\220\121\375\145\160\166\204\162\171\140\047}{chapter.3}% 16
\BOOKMARK [1][-]{section.3.6}{\376\377\165\061\220\350\122\006\170\156\133\232\145\164\116\052\211\343\147\220\121\375\145\160}{chapter.3}% 17
\BOOKMARK [1][-]{section.3.7}{\376\377\211\343\147\220\121\375\145\160\166\204\171\357\122\006\162\171\140\047}{chapter.3}% 18
\BOOKMARK [1][-]{section.3.8}{\376\377\147\357\211\177\171\357\122\006\121\154\137\017}{chapter.3}% 19
\BOOKMARK [1][-]{section.3.9}{\376\377\147\000\131\047\152\041\133\232\164\006}{chapter.3}% 20
\BOOKMARK [1][-]{section.3.10}{\376\377\131\015\123\330\121\375\145\160\127\050\121\166\211\343\147\220\127\006\127\337\116\012\166\204\154\360\122\322\176\247\145\160\134\125\137\000}{chapter.3}% 21
\BOOKMARK [1][-]{section.3.11}{\376\377\122\051\165\050\154\360\122\322\176\247\145\160\213\250\213\272\147\000\131\047\152\041\133\232\164\006}{chapter.3}% 22
\BOOKMARK [1][-]{section.3.12}{\376\377\211\343\147\220\121\375\145\160\166\204\226\366\160\271\123\312\121\166\133\144\172\313\140\047}{chapter.3}% 23
\BOOKMARK [1][-]{section.3.13}{\376\377\211\343\147\220\163\257\127\337\116\012\166\204\155\033\147\027\176\247\145\160\134\125\137\000}{chapter.3}% 24
